<?xml version="1.0" encoding="UTF-8"?>
<testng-results ignored="0" total="3" passed="3" failed="0" skipped="0">
  <reporter-output>
  </reporter-output>
  <suite started-at="2025-03-29T20:54:40 GMT+07:00" name="Default suite" finished-at="2025-03-29T20:55:41 GMT+07:00" duration-ms="60289">
    <groups>
    </groups>
    <test started-at="2025-03-29T20:54:40 GMT+07:00" name="Default test" finished-at="2025-03-29T20:55:41 GMT+07:00" duration-ms="60289">
      <class name="automation.testsuite.QLKLV_Test">
        <test-method is-config="true" signature="openBrowser()[pri:0, instance:automation.testsuite.QLKLV_Test@6bedbc4d]" started-at="2025-03-29T20:54:40 GMT+07:00" name="openBrowser" finished-at="2025-03-29T20:54:46 GMT+07:00" duration-ms="5583" status="PASS">
          <reporter-output>
          </reporter-output>
        </test-method> <!-- openBrowser -->
        <test-method signature="addKLVSuccessfully()[pri:1, instance:automation.testsuite.QLKLV_Test@6bedbc4d]" started-at="2025-03-29T20:54:46 GMT+07:00" name="addKLVSuccessfully" finished-at="2025-03-29T20:55:20 GMT+07:00" duration-ms="34246" status="PASS">
          <reporter-output>
          </reporter-output>
        </test-method> <!-- addKLVSuccessfully -->
        <test-method is-config="true" signature="closeBrowser()[pri:0, instance:automation.testsuite.QLKLV_Test@6bedbc4d]" started-at="2025-03-29T20:55:20 GMT+07:00" name="closeBrowser" finished-at="2025-03-29T20:55:21 GMT+07:00" duration-ms="1250" status="PASS">
          <reporter-output>
          </reporter-output>
        </test-method> <!-- closeBrowser -->
        <test-method is-config="true" signature="openBrowser()[pri:0, instance:automation.testsuite.QLKLV_Test@6bedbc4d]" started-at="2025-03-29T20:55:21 GMT+07:00" name="openBrowser" finished-at="2025-03-29T20:55:26 GMT+07:00" duration-ms="4893" status="PASS">
          <reporter-output>
          </reporter-output>
        </test-method> <!-- openBrowser -->
        <test-method signature="addKLVUnsuccessfully_MissingRequiredFields()[pri:2, instance:automation.testsuite.QLKLV_Test@6bedbc4d]" started-at="2025-03-29T20:55:26 GMT+07:00" name="addKLVUnsuccessfully_MissingRequiredFields" finished-at="2025-03-29T20:55:29 GMT+07:00" duration-ms="2557" status="PASS">
          <reporter-output>
          </reporter-output>
        </test-method> <!-- addKLVUnsuccessfully_MissingRequiredFields -->
        <test-method is-config="true" signature="closeBrowser()[pri:0, instance:automation.testsuite.QLKLV_Test@6bedbc4d]" started-at="2025-03-29T20:55:29 GMT+07:00" name="closeBrowser" finished-at="2025-03-29T20:55:30 GMT+07:00" duration-ms="1216" status="PASS">
          <reporter-output>
          </reporter-output>
        </test-method> <!-- closeBrowser -->
        <test-method is-config="true" signature="openBrowser()[pri:0, instance:automation.testsuite.QLKLV_Test@6bedbc4d]" started-at="2025-03-29T20:55:30 GMT+07:00" name="openBrowser" finished-at="2025-03-29T20:55:35 GMT+07:00" duration-ms="5419" status="PASS">
          <reporter-output>
          </reporter-output>
        </test-method> <!-- openBrowser -->
        <test-method signature="addKLVUnsuccessfully_InvalidData()[pri:3, instance:automation.testsuite.QLKLV_Test@6bedbc4d]" started-at="2025-03-29T20:55:35 GMT+07:00" name="addKLVUnsuccessfully_InvalidData" finished-at="2025-03-29T20:55:39 GMT+07:00" duration-ms="3987" status="PASS">
          <reporter-output>
          </reporter-output>
        </test-method> <!-- addKLVUnsuccessfully_InvalidData -->
        <test-method is-config="true" signature="closeBrowser()[pri:0, instance:automation.testsuite.QLKLV_Test@6bedbc4d]" started-at="2025-03-29T20:55:39 GMT+07:00" name="closeBrowser" finished-at="2025-03-29T20:55:41 GMT+07:00" duration-ms="1070" status="PASS">
          <reporter-output>
          </reporter-output>
        </test-method> <!-- closeBrowser -->
      </class> <!-- automation.testsuite.QLKLV_Test -->
    </test> <!-- Default test -->
  </suite> <!-- Default suite -->
</testng-results>
