<?xml version="1.0" encoding="UTF-8"?>
<!-- Generated by org.testng.reporters.JUnitXMLReporter -->
<testsuite ignored="0" hostname="NgD" failures="0" tests="2" name="Test Project with MS Edge" time="58.54" errors="0" timestamp="2025-03-28T18:03:43 GMT+07:00">
  <testcase classname="automation.testsuite.Day18_Homework_01_Test" name="clickZalo" time="12.909"/>
  <testcase classname="automation.testsuite.Day18_Homework_02_Test" name="clickChat" time="7.766"/>
</testsuite> <!-- Test Project with MS Edge -->
