<?xml version="1.0" encoding="UTF-8"?>
<!-- Generated by org.testng.reporters.JUnitXMLReporter -->
<testsuite ignored="0" hostname="NgD" failures="0" tests="2" name="Test Project with firefox" time="38.825" errors="0" timestamp="2025-03-28T18:02:45 GMT+07:00">
  <testcase classname="automation.testsuite.Day18_Homework_01_Test" name="clickZalo" time="3.61"/>
  <testcase classname="automation.testsuite.Day18_Homework_02_Test" name="clickChat" time="2.619"/>
</testsuite> <!-- Test Project with firefox -->
