<?xml version="1.0" encoding="UTF-8"?>
<!-- Generated by org.testng.reporters.JUnitXMLReporter -->
<testsuite ignored="0" hostname="NgD" failures="0" tests="3" name="Default test" time="60.289" errors="0" timestamp="2025-03-29T20:55:41 GMT+07:00">
  <testcase classname="automation.testsuite.QLKLV_Test" name="addKLVSuccessfully" time="34.246"/>
  <testcase classname="automation.testsuite.QLKLV_Test" name="addKLVUnsuccessfully_MissingRequiredFields" time="2.557"/>
  <testcase classname="automation.testsuite.QLKLV_Test" name="addKLVUnsuccessfully_InvalidData" time="3.987"/>
</testsuite> <!-- Default test -->
