<?xml version="1.0" encoding="UTF-8"?>
<testng-results ignored="0" total="3" passed="3" failed="0" skipped="0">
  <reporter-output>
  </reporter-output>
  <suite started-at="2025-03-25T16:15:11 GMT+07:00" name="Default suite" finished-at="2025-03-25T16:17:50 GMT+07:00" duration-ms="159012">
    <groups>
    </groups>
    <test started-at="2025-03-25T16:15:11 GMT+07:00" name="Default test" finished-at="2025-03-25T16:17:50 GMT+07:00" duration-ms="159012">
      <class name="automation.testsuite.Alada_PageFactory_SignupTest_Day14">
        <test-method is-config="true" signature="openBrowserTest()[pri:0, instance:automation.testsuite.Alada_PageFactory_SignupTest_Day14@1b6e1eff]" started-at="2025-03-25T16:15:11 GMT+07:00" name="openBrowserTest" finished-at="2025-03-25T16:15:35 GMT+07:00" duration-ms="24568" status="PASS">
          <reporter-output>
          </reporter-output>
        </test-method> <!-- openBrowserTest -->
        <test-method signature="RegisterSuccessfully()[pri:1, instance:automation.testsuite.Alada_PageFactory_SignupTest_Day14@1b6e1eff]" started-at="2025-03-25T16:15:35 GMT+07:00" name="RegisterSuccessfully" finished-at="2025-03-25T16:15:57 GMT+07:00" duration-ms="21385" status="PASS">
          <reporter-output>
          </reporter-output>
        </test-method> <!-- RegisterSuccessfully -->
        <test-method is-config="true" signature="closeBrowser()[pri:0, instance:automation.testsuite.Alada_PageFactory_SignupTest_Day14@1b6e1eff]" started-at="2025-03-25T16:15:57 GMT+07:00" name="closeBrowser" finished-at="2025-03-25T16:15:58 GMT+07:00" duration-ms="1156" status="PASS">
          <reporter-output>
          </reporter-output>
        </test-method> <!-- closeBrowser -->
        <test-method is-config="true" signature="openBrowserTest()[pri:0, instance:automation.testsuite.Alada_PageFactory_SignupTest_Day14@1b6e1eff]" started-at="2025-03-25T16:15:58 GMT+07:00" name="openBrowserTest" finished-at="2025-03-25T16:16:22 GMT+07:00" duration-ms="24036" status="PASS">
          <reporter-output>
          </reporter-output>
        </test-method> <!-- openBrowserTest -->
        <test-method signature="ChangePassword()[pri:2, instance:automation.testsuite.Alada_PageFactory_SignupTest_Day14@1b6e1eff]" started-at="2025-03-25T16:16:22 GMT+07:00" name="ChangePassword" finished-at="2025-03-25T16:17:03 GMT+07:00" duration-ms="41482" status="PASS">
          <reporter-output>
          </reporter-output>
        </test-method> <!-- ChangePassword -->
        <test-method is-config="true" signature="closeBrowser()[pri:0, instance:automation.testsuite.Alada_PageFactory_SignupTest_Day14@1b6e1eff]" started-at="2025-03-25T16:17:03 GMT+07:00" name="closeBrowser" finished-at="2025-03-25T16:17:04 GMT+07:00" duration-ms="939" status="PASS">
          <reporter-output>
          </reporter-output>
        </test-method> <!-- closeBrowser -->
        <test-method is-config="true" signature="openBrowserTest()[pri:0, instance:automation.testsuite.Alada_PageFactory_SignupTest_Day14@1b6e1eff]" started-at="2025-03-25T16:17:04 GMT+07:00" name="openBrowserTest" finished-at="2025-03-25T16:17:29 GMT+07:00" duration-ms="24135" status="PASS">
          <reporter-output>
          </reporter-output>
        </test-method> <!-- openBrowserTest -->
        <test-method signature="LoginSuccessfully_NewPass()[pri:3, instance:automation.testsuite.Alada_PageFactory_SignupTest_Day14@1b6e1eff]" started-at="2025-03-25T16:17:29 GMT+07:00" name="LoginSuccessfully_NewPass" finished-at="2025-03-25T16:17:49 GMT+07:00" duration-ms="19996" status="PASS">
          <reporter-output>
          </reporter-output>
        </test-method> <!-- LoginSuccessfully_NewPass -->
        <test-method is-config="true" signature="closeBrowser()[pri:0, instance:automation.testsuite.Alada_PageFactory_SignupTest_Day14@1b6e1eff]" started-at="2025-03-25T16:17:49 GMT+07:00" name="closeBrowser" finished-at="2025-03-25T16:17:50 GMT+07:00" duration-ms="1250" status="PASS">
          <reporter-output>
          </reporter-output>
        </test-method> <!-- closeBrowser -->
      </class> <!-- automation.testsuite.Alada_PageFactory_SignupTest_Day14 -->
    </test> <!-- Default test -->
  </suite> <!-- Default suite -->
</testng-results>
