<?xml version="1.0" encoding="UTF-8"?>
<testng-results ignored="0" total="1" passed="1" failed="0" skipped="0">
  <reporter-output>
  </reporter-output>
  <suite started-at="2025-03-28T18:25:56 GMT+07:00" name="Default suite" finished-at="2025-03-28T18:26:07 GMT+07:00" duration-ms="10597">
    <groups>
    </groups>
    <test started-at="2025-03-28T18:25:56 GMT+07:00" name="Default test" finished-at="2025-03-28T18:26:07 GMT+07:00" duration-ms="10597">
      <class name="automation.testsuite.Day18_BepAnToanTest">
        <test-method is-config="true" signature="openBrowser()[pri:0, instance:automation.testsuite.Day18_BepAnToanTest@932bc4a]" started-at="2025-03-28T18:25:56 GMT+07:00" name="openBrowser" finished-at="2025-03-28T18:26:02 GMT+07:00" duration-ms="5587" status="PASS">
          <reporter-output>
          </reporter-output>
        </test-method> <!-- openBrowser -->
        <test-method signature="searchBepTu_Bosch()[pri:0, instance:automation.testsuite.Day18_BepAnToanTest@932bc4a]" started-at="2025-03-28T18:26:02 GMT+07:00" name="searchBepTu_Bosch" finished-at="2025-03-28T18:26:07 GMT+07:00" duration-ms="4965" status="PASS">
          <reporter-output>
          </reporter-output>
        </test-method> <!-- searchBepTu_Bosch -->
      </class> <!-- automation.testsuite.Day18_BepAnToanTest -->
    </test> <!-- Default test -->
  </suite> <!-- Default suite -->
</testng-results>
