<?xml version="1.0" encoding="UTF-8"?>
<!-- Generated by org.testng.reporters.JUnitXMLReporter -->
<testsuite ignored="0" hostname="NgD" failures="0" tests="3" name="Default test" time="159.012" errors="0" timestamp="2025-03-25T16:17:50 GMT+07:00">
  <testcase classname="automation.testsuite.Alada_PageFactory_SignupTest_Day14" name="RegisterSuccessfully" time="21.385"/>
  <testcase classname="automation.testsuite.Alada_PageFactory_SignupTest_Day14" name="ChangePassword" time="41.482"/>
  <testcase classname="automation.testsuite.Alada_PageFactory_SignupTest_Day14" name="LoginSuccessfully_NewPass" time="19.996"/>
</testsuite> <!-- Default test -->
