<?xml version="1.0" encoding="UTF-8"?>
<!-- Generated by org.testng.reporters.JUnitXMLReporter -->
<testsuite ignored="0" hostname="NgD" failures="0" tests="4" name="Default test" time="38.02" errors="0" timestamp="2025-03-27T14:48:43 GMT+07:00">
  <testcase classname="automation.testsuite.Day16_Homework_01__CrmStar_QLKV_Test" name="LoginSuccessfully" time="1.46"/>
  <testcase classname="automation.testsuite.Day16_Homework_01__CrmStar_QLKV_Test" name="addKLVSuccessfully" time="3.432"/>
  <testcase classname="automation.testsuite.Day16_Homework_01__CrmStar_QLKV_Test" name="removeKLVSuccessfully" time="4.089"/>
  <testcase classname="automation.testsuite.Day16_Homework_01__CrmStar_QLKV_Test" name="addKLV_Unsuccessfully" time="2.636"/>
</testsuite> <!-- Default test -->
